2021-01-10T07:09:42.219640Z 0 [Warning] TIMESTAMP with implicit DEFAULT value is deprecated. Please use --explicit_defaults_for_timestamp server option (see documentation for more details).
2021-01-10T07:09:42.241755Z 0 [Warning] Setting lower_case_table_names=2 because file system for /var/lib/mysql/ is case insensitive
2021-01-10T07:09:45.415995Z 0 [Warning] InnoDB: New log files created, LSN=45790
2021-01-10T07:09:46.030196Z 0 [Warning] InnoDB: Creating foreign key constraint system tables.
2021-01-10T07:09:46.120939Z 0 [Warning] No existing UUID has been found, so we assume that this is the first time that this server has been started. Generating a new UUID: d1e9cb39-5312-11eb-aa2c-0242ac140002.
2021-01-10T07:09:46.128291Z 0 [Warning] Gtid table is not ready to be used. Table 'mysql.gtid_executed' cannot be opened.
2021-01-10T07:09:46.916006Z 0 [Warning] CA certificate ca.pem is self signed.
2021-01-10T07:09:47.131461Z 1 [Warning] root@localhost is created with an empty password ! Please consider switching off the --initialize-insecure option.
2021-01-10T07:09:59.383954Z 0 [Warning] TIMESTAMP with implicit DEFAULT value is deprecated. Please use --explicit_defaults_for_timestamp server option (see documentation for more details).
2021-01-10T07:09:59.391140Z 0 [Note] mysqld (mysqld 5.7.32) starting as process 79 ...
2021-01-10T07:09:59.399426Z 0 [Warning] Setting lower_case_table_names=2 because file system for /var/lib/mysql/ is case insensitive
2021-01-10T07:09:59.405487Z 0 [Note] InnoDB: PUNCH HOLE support available
2021-01-10T07:09:59.406104Z 0 [Note] InnoDB: Mutexes and rw_locks use GCC atomic builtins
2021-01-10T07:09:59.407066Z 0 [Note] InnoDB: Uses event mutexes
2021-01-10T07:09:59.407861Z 0 [Note] InnoDB: GCC builtin __atomic_thread_fence() is used for memory barrier
2021-01-10T07:09:59.408407Z 0 [Note] InnoDB: Compressed tables use zlib 1.2.11
2021-01-10T07:09:59.409333Z 0 [Note] InnoDB: Using Linux native AIO
2021-01-10T07:09:59.410411Z 0 [Note] InnoDB: Number of pools: 1
2021-01-10T07:09:59.411299Z 0 [Note] InnoDB: Using CPU crc32 instructions
2021-01-10T07:09:59.413713Z 0 [Note] InnoDB: Initializing buffer pool, total size = 128M, instances = 1, chunk size = 128M
2021-01-10T07:09:59.425026Z 0 [Note] InnoDB: Completed initialization of buffer pool
2021-01-10T07:09:59.428216Z 0 [Note] InnoDB: If the mysqld execution user is authorized, page cleaner thread priority can be changed. See the man page of setpriority().
2021-01-10T07:09:59.487484Z 0 [Note] InnoDB: Highest supported file format is Barracuda.
2021-01-10T07:09:59.593471Z 0 [Note] InnoDB: Creating shared tablespace for temporary tables
2021-01-10T07:09:59.596787Z 0 [Note] InnoDB: Setting file './ibtmp1' size to 12 MB. Physically writing the file full; Please wait ...
2021-01-10T07:09:59.738904Z 0 [Note] InnoDB: File './ibtmp1' size is now 12 MB.
2021-01-10T07:09:59.745146Z 0 [Note] InnoDB: 96 redo rollback segment(s) found. 96 redo rollback segment(s) are active.
2021-01-10T07:09:59.746112Z 0 [Note] InnoDB: 32 non-redo rollback segment(s) are active.
2021-01-10T07:09:59.747356Z 0 [Note] InnoDB: Waiting for purge to start
2021-01-10T07:09:59.799835Z 0 [Note] InnoDB: 5.7.32 started; log sequence number 2747766
2021-01-10T07:09:59.801809Z 0 [Note] InnoDB: Loading buffer pool(s) from /var/lib/mysql/ib_buffer_pool
2021-01-10T07:09:59.802044Z 0 [Note] Plugin 'FEDERATED' is disabled.
2021-01-10T07:09:59.962878Z 0 [Note] Found ca.pem, server-cert.pem and server-key.pem in data directory. Trying to enable SSL support using them.
2021-01-10T07:09:59.969250Z 0 [Note] Skipping generation of SSL certificates as certificate files are present in data directory.
2021-01-10T07:09:59.989341Z 0 [Warning] CA certificate ca.pem is self signed.
2021-01-10T07:09:59.991026Z 0 [Note] Skipping generation of RSA key pair as key files are present in data directory.
2021-01-10T07:09:59.992827Z 0 [Note] InnoDB: Buffer pool(s) load completed at 210110 16:09:59
2021-01-10T07:10:00.004367Z 0 [Warning] Insecure configuration for --pid-file: Location '/var/run/mysqld' in the path is accessible to all OS users. Consider choosing a different directory.
2021-01-10T07:10:00.394834Z 0 [Note] Event Scheduler: Loaded 0 events
2021-01-10T07:10:00.396706Z 0 [Note] mysqld: ready for connections.
Version: '5.7.32'  socket: '/var/run/mysqld/mysqld.sock'  port: 0  MySQL Community Server (GPL)
2021-01-10T07:10:05.251503Z 0 [Note] Giving 0 client threads a chance to die gracefully
2021-01-10T07:10:05.252818Z 0 [Note] Shutting down slave threads
2021-01-10T07:10:05.253893Z 0 [Note] Forcefully disconnecting 0 remaining clients
2021-01-10T07:10:05.254840Z 0 [Note] Event Scheduler: Purging the queue. 0 events
2021-01-10T07:10:05.255814Z 0 [Note] Binlog end
2021-01-10T07:10:05.260014Z 0 [Note] Shutting down plugin 'ngram'
2021-01-10T07:10:05.261538Z 0 [Note] Shutting down plugin 'partition'
2021-01-10T07:10:05.262221Z 0 [Note] Shutting down plugin 'BLACKHOLE'
2021-01-10T07:10:05.262895Z 0 [Note] Shutting down plugin 'ARCHIVE'
2021-01-10T07:10:05.263682Z 0 [Note] Shutting down plugin 'PERFORMANCE_SCHEMA'
2021-01-10T07:10:05.264349Z 0 [Note] Shutting down plugin 'MRG_MYISAM'
2021-01-10T07:10:05.265100Z 0 [Note] Shutting down plugin 'MyISAM'
2021-01-10T07:10:05.265846Z 0 [Note] Shutting down plugin 'INNODB_SYS_VIRTUAL'
2021-01-10T07:10:05.266530Z 0 [Note] Shutting down plugin 'INNODB_SYS_DATAFILES'
2021-01-10T07:10:05.267255Z 0 [Note] Shutting down plugin 'INNODB_SYS_TABLESPACES'
2021-01-10T07:10:05.267930Z 0 [Note] Shutting down plugin 'INNODB_SYS_FOREIGN_COLS'
2021-01-10T07:10:05.268593Z 0 [Note] Shutting down plugin 'INNODB_SYS_FOREIGN'
2021-01-10T07:10:05.269335Z 0 [Note] Shutting down plugin 'INNODB_SYS_FIELDS'
2021-01-10T07:10:05.270023Z 0 [Note] Shutting down plugin 'INNODB_SYS_COLUMNS'
2021-01-10T07:10:05.270622Z 0 [Note] Shutting down plugin 'INNODB_SYS_INDEXES'
2021-01-10T07:10:05.271364Z 0 [Note] Shutting down plugin 'INNODB_SYS_TABLESTATS'
2021-01-10T07:10:05.272130Z 0 [Note] Shutting down plugin 'INNODB_SYS_TABLES'
2021-01-10T07:10:05.272781Z 0 [Note] Shutting down plugin 'INNODB_FT_INDEX_TABLE'
2021-01-10T07:10:05.273592Z 0 [Note] Shutting down plugin 'INNODB_FT_INDEX_CACHE'
2021-01-10T07:10:05.274253Z 0 [Note] Shutting down plugin 'INNODB_FT_CONFIG'
2021-01-10T07:10:05.274984Z 0 [Note] Shutting down plugin 'INNODB_FT_BEING_DELETED'
2021-01-10T07:10:05.275702Z 0 [Note] Shutting down plugin 'INNODB_FT_DELETED'
2021-01-10T07:10:05.276665Z 0 [Note] Shutting down plugin 'INNODB_FT_DEFAULT_STOPWORD'
2021-01-10T07:10:05.277312Z 0 [Note] Shutting down plugin 'INNODB_METRICS'
2021-01-10T07:10:05.277932Z 0 [Note] Shutting down plugin 'INNODB_TEMP_TABLE_INFO'
2021-01-10T07:10:05.278612Z 0 [Note] Shutting down plugin 'INNODB_BUFFER_POOL_STATS'
2021-01-10T07:10:05.279255Z 0 [Note] Shutting down plugin 'INNODB_BUFFER_PAGE_LRU'
2021-01-10T07:10:05.280149Z 0 [Note] Shutting down plugin 'INNODB_BUFFER_PAGE'
2021-01-10T07:10:05.280678Z 0 [Note] Shutting down plugin 'INNODB_CMP_PER_INDEX_RESET'
2021-01-10T07:10:05.281431Z 0 [Note] Shutting down plugin 'INNODB_CMP_PER_INDEX'
2021-01-10T07:10:05.282104Z 0 [Note] Shutting down plugin 'INNODB_CMPMEM_RESET'
2021-01-10T07:10:05.282754Z 0 [Note] Shutting down plugin 'INNODB_CMPMEM'
2021-01-10T07:10:05.283455Z 0 [Note] Shutting down plugin 'INNODB_CMP_RESET'
2021-01-10T07:10:05.284097Z 0 [Note] Shutting down plugin 'INNODB_CMP'
2021-01-10T07:10:05.285021Z 0 [Note] Shutting down plugin 'INNODB_LOCK_WAITS'
2021-01-10T07:10:05.285638Z 0 [Note] Shutting down plugin 'INNODB_LOCKS'
2021-01-10T07:10:05.286388Z 0 [Note] Shutting down plugin 'INNODB_TRX'
2021-01-10T07:10:05.287064Z 0 [Note] Shutting down plugin 'InnoDB'
2021-01-10T07:10:05.287842Z 0 [Note] InnoDB: FTS optimize thread exiting.
2021-01-10T07:10:05.288858Z 0 [Note] InnoDB: Starting shutdown...
2021-01-10T07:10:05.398741Z 0 [Note] InnoDB: Dumping buffer pool(s) to /var/lib/mysql/ib_buffer_pool
2021-01-10T07:10:05.410691Z 0 [Note] InnoDB: Buffer pool(s) dump completed at 210110 16:10:05
2021-01-10T07:10:06.921510Z 0 [Note] InnoDB: Shutdown completed; log sequence number 12618805
2021-01-10T07:10:06.926675Z 0 [Note] InnoDB: Removed temporary tablespace data file: "ibtmp1"
2021-01-10T07:10:06.927936Z 0 [Note] Shutting down plugin 'MEMORY'
2021-01-10T07:10:06.928941Z 0 [Note] Shutting down plugin 'CSV'
2021-01-10T07:10:06.929991Z 0 [Note] Shutting down plugin 'sha256_password'
2021-01-10T07:10:06.930769Z 0 [Note] Shutting down plugin 'mysql_native_password'
2021-01-10T07:10:06.931866Z 0 [Note] Shutting down plugin 'binlog'
2021-01-10T07:10:06.937235Z 0 [Note] mysqld: Shutdown complete

2021-01-10T07:10:07.636130Z 0 [Warning] TIMESTAMP with implicit DEFAULT value is deprecated. Please use --explicit_defaults_for_timestamp server option (see documentation for more details).
2021-01-10T07:10:07.697406Z 0 [Note] mysqld (mysqld 5.7.32) starting as process 1 ...
2021-01-10T07:10:07.723222Z 0 [Warning] Setting lower_case_table_names=2 because file system for /var/lib/mysql/ is case insensitive
2021-01-10T07:10:07.758820Z 0 [Note] InnoDB: PUNCH HOLE support available
2021-01-10T07:10:07.765648Z 0 [Note] InnoDB: Mutexes and rw_locks use GCC atomic builtins
2021-01-10T07:10:07.768303Z 0 [Note] InnoDB: Uses event mutexes
2021-01-10T07:10:07.779889Z 0 [Note] InnoDB: GCC builtin __atomic_thread_fence() is used for memory barrier
2021-01-10T07:10:07.782990Z 0 [Note] InnoDB: Compressed tables use zlib 1.2.11
2021-01-10T07:10:07.785625Z 0 [Note] InnoDB: Using Linux native AIO
2021-01-10T07:10:07.793141Z 0 [Note] InnoDB: Number of pools: 1
2021-01-10T07:10:07.800202Z 0 [Note] InnoDB: Using CPU crc32 instructions
2021-01-10T07:10:07.811142Z 0 [Note] InnoDB: Initializing buffer pool, total size = 128M, instances = 1, chunk size = 128M
2021-01-10T07:10:07.856366Z 0 [Note] InnoDB: Completed initialization of buffer pool
2021-01-10T07:10:07.864151Z 0 [Note] InnoDB: If the mysqld execution user is authorized, page cleaner thread priority can be changed. See the man page of setpriority().
2021-01-10T07:10:07.987928Z 0 [Note] InnoDB: Highest supported file format is Barracuda.
2021-01-10T07:10:08.216535Z 0 [Note] InnoDB: Creating shared tablespace for temporary tables
2021-01-10T07:10:08.223228Z 0 [Note] InnoDB: Setting file './ibtmp1' size to 12 MB. Physically writing the file full; Please wait ...
2021-01-10T07:10:08.606144Z 0 [Note] InnoDB: File './ibtmp1' size is now 12 MB.
2021-01-10T07:10:08.611918Z 0 [Note] InnoDB: 96 redo rollback segment(s) found. 96 redo rollback segment(s) are active.
2021-01-10T07:10:08.612681Z 0 [Note] InnoDB: 32 non-redo rollback segment(s) are active.
2021-01-10T07:10:08.613493Z 0 [Note] InnoDB: Waiting for purge to start
2021-01-10T07:10:08.665308Z 0 [Note] InnoDB: 5.7.32 started; log sequence number 12618805
2021-01-10T07:10:08.667389Z 0 [Note] InnoDB: Loading buffer pool(s) from /var/lib/mysql/ib_buffer_pool
2021-01-10T07:10:08.667565Z 0 [Note] Plugin 'FEDERATED' is disabled.
2021-01-10T07:10:08.732326Z 0 [Note] Found ca.pem, server-cert.pem and server-key.pem in data directory. Trying to enable SSL support using them.
2021-01-10T07:10:08.733637Z 0 [Note] Skipping generation of SSL certificates as certificate files are present in data directory.
2021-01-10T07:10:08.741889Z 0 [Warning] CA certificate ca.pem is self signed.
2021-01-10T07:10:08.747403Z 0 [Note] Skipping generation of RSA key pair as key files are present in data directory.
2021-01-10T07:10:08.755480Z 0 [Note] Server hostname (bind-address): '*'; port: 3306
2021-01-10T07:10:08.756732Z 0 [Note] IPv6 is available.
2021-01-10T07:10:08.757749Z 0 [Note]   - '::' resolves to '::';
2021-01-10T07:10:08.759124Z 0 [Note] Server socket created on IP: '::'.
2021-01-10T07:10:08.763242Z 0 [Warning] Insecure configuration for --pid-file: Location '/var/run/mysqld' in the path is accessible to all OS users. Consider choosing a different directory.
2021-01-10T07:10:08.827731Z 0 [Note] InnoDB: Buffer pool(s) load completed at 210110 16:10:08
2021-01-10T07:10:09.103524Z 0 [Note] Event Scheduler: Loaded 0 events
2021-01-10T07:10:09.104757Z 0 [Note] mysqld: ready for connections.
Version: '5.7.32'  socket: '/var/run/mysqld/mysqld.sock'  port: 3306  MySQL Community Server (GPL)
