2021-01-03T08:57:04.491300Z 0 [Warning] TIMESTAMP with implicit DEFAULT value is deprecated. Please use --explicit_defaults_for_timestamp server option (see documentation for more details).
2021-01-03T08:57:04.524331Z 0 [Warning] Setting lower_case_table_names=2 because file system for /var/lib/mysql/ is case insensitive
2021-01-03T08:57:09.124192Z 0 [Warning] InnoDB: New log files created, LSN=45790
2021-01-03T08:57:09.570199Z 0 [Warning] InnoDB: Creating foreign key constraint system tables.
2021-01-03T08:57:09.668559Z 0 [Warning] No existing UUID has been found, so we assume that this is the first time that this server has been started. Generating a new UUID: a9ace0f8-4da1-11eb-a3b1-0242ac120002.
2021-01-03T08:57:09.681816Z 0 [Warning] Gtid table is not ready to be used. Table 'mysql.gtid_executed' cannot be opened.
2021-01-03T08:57:10.239232Z 0 [Warning] CA certificate ca.pem is self signed.
2021-01-03T08:57:10.547866Z 1 [Warning] root@localhost is created with an empty password ! Please consider switching off the --initialize-insecure option.
2021-01-03T08:57:26.238625Z 0 [Warning] TIMESTAMP with implicit DEFAULT value is deprecated. Please use --explicit_defaults_for_timestamp server option (see documentation for more details).
2021-01-03T08:57:26.254336Z 0 [Note] mysqld (mysqld 5.7.32) starting as process 81 ...
2021-01-03T08:57:26.270079Z 0 [Warning] Setting lower_case_table_names=2 because file system for /var/lib/mysql/ is case insensitive
2021-01-03T08:57:26.280725Z 0 [Note] InnoDB: PUNCH HOLE support available
2021-01-03T08:57:26.282464Z 0 [Note] InnoDB: Mutexes and rw_locks use GCC atomic builtins
2021-01-03T08:57:26.284010Z 0 [Note] InnoDB: Uses event mutexes
2021-01-03T08:57:26.285560Z 0 [Note] InnoDB: GCC builtin __atomic_thread_fence() is used for memory barrier
2021-01-03T08:57:26.287282Z 0 [Note] InnoDB: Compressed tables use zlib 1.2.11
2021-01-03T08:57:26.288480Z 0 [Note] InnoDB: Using Linux native AIO
2021-01-03T08:57:26.290829Z 0 [Note] InnoDB: Number of pools: 1
2021-01-03T08:57:26.292642Z 0 [Note] InnoDB: Using CPU crc32 instructions
2021-01-03T08:57:26.297915Z 0 [Note] InnoDB: Initializing buffer pool, total size = 128M, instances = 1, chunk size = 128M
2021-01-03T08:57:26.319216Z 0 [Note] InnoDB: Completed initialization of buffer pool
2021-01-03T08:57:26.324505Z 0 [Note] InnoDB: If the mysqld execution user is authorized, page cleaner thread priority can be changed. See the man page of setpriority().
2021-01-03T08:57:26.422034Z 0 [Note] InnoDB: Highest supported file format is Barracuda.
2021-01-03T08:57:26.659100Z 0 [Note] InnoDB: Creating shared tablespace for temporary tables
2021-01-03T08:57:26.665166Z 0 [Note] InnoDB: Setting file './ibtmp1' size to 12 MB. Physically writing the file full; Please wait ...
2021-01-03T08:57:27.015198Z 0 [Note] InnoDB: File './ibtmp1' size is now 12 MB.
2021-01-03T08:57:27.047848Z 0 [Note] InnoDB: 96 redo rollback segment(s) found. 96 redo rollback segment(s) are active.
2021-01-03T08:57:27.050317Z 0 [Note] InnoDB: 32 non-redo rollback segment(s) are active.
2021-01-03T08:57:27.053237Z 0 [Note] InnoDB: Waiting for purge to start
2021-01-03T08:57:27.105907Z 0 [Note] InnoDB: 5.7.32 started; log sequence number 2747497
2021-01-03T08:57:27.109014Z 0 [Note] InnoDB: Loading buffer pool(s) from /var/lib/mysql/ib_buffer_pool
2021-01-03T08:57:27.111423Z 0 [Note] Plugin 'FEDERATED' is disabled.
2021-01-03T08:57:27.301658Z 0 [Note] Found ca.pem, server-cert.pem and server-key.pem in data directory. Trying to enable SSL support using them.
2021-01-03T08:57:27.304687Z 0 [Note] Skipping generation of SSL certificates as certificate files are present in data directory.
2021-01-03T08:57:27.321633Z 0 [Warning] CA certificate ca.pem is self signed.
2021-01-03T08:57:27.324289Z 0 [Note] Skipping generation of RSA key pair as key files are present in data directory.
2021-01-03T08:57:27.338522Z 0 [Warning] Insecure configuration for --pid-file: Location '/var/run/mysqld' in the path is accessible to all OS users. Consider choosing a different directory.
2021-01-03T08:57:27.339732Z 0 [Note] InnoDB: Buffer pool(s) load completed at 210103 17:57:27
2021-01-03T08:57:28.104480Z 0 [Note] Event Scheduler: Loaded 0 events
2021-01-03T08:57:28.106622Z 0 [Note] mysqld: ready for connections.
Version: '5.7.32'  socket: '/var/run/mysqld/mysqld.sock'  port: 0  MySQL Community Server (GPL)
2021-01-03T08:57:37.381006Z 0 [Note] Giving 0 client threads a chance to die gracefully
2021-01-03T08:57:37.382677Z 0 [Note] Shutting down slave threads
2021-01-03T08:57:37.383771Z 0 [Note] Forcefully disconnecting 0 remaining clients
2021-01-03T08:57:37.385355Z 0 [Note] Event Scheduler: Purging the queue. 0 events
2021-01-03T08:57:37.386733Z 0 [Note] Binlog end
2021-01-03T08:57:37.392766Z 0 [Note] Shutting down plugin 'ngram'
2021-01-03T08:57:37.398565Z 0 [Note] Shutting down plugin 'partition'
2021-01-03T08:57:37.399898Z 0 [Note] Shutting down plugin 'BLACKHOLE'
2021-01-03T08:57:37.400678Z 0 [Note] Shutting down plugin 'ARCHIVE'
2021-01-03T08:57:37.401650Z 0 [Note] Shutting down plugin 'PERFORMANCE_SCHEMA'
2021-01-03T08:57:37.402577Z 0 [Note] Shutting down plugin 'MRG_MYISAM'
2021-01-03T08:57:37.403503Z 0 [Note] Shutting down plugin 'MyISAM'
2021-01-03T08:57:37.404358Z 0 [Note] Shutting down plugin 'INNODB_SYS_VIRTUAL'
2021-01-03T08:57:37.405245Z 0 [Note] Shutting down plugin 'INNODB_SYS_DATAFILES'
2021-01-03T08:57:37.406287Z 0 [Note] Shutting down plugin 'INNODB_SYS_TABLESPACES'
2021-01-03T08:57:37.407469Z 0 [Note] Shutting down plugin 'INNODB_SYS_FOREIGN_COLS'
2021-01-03T08:57:37.408804Z 0 [Note] Shutting down plugin 'INNODB_SYS_FOREIGN'
2021-01-03T08:57:37.410822Z 0 [Note] Shutting down plugin 'INNODB_SYS_FIELDS'
2021-01-03T08:57:37.413613Z 0 [Note] Shutting down plugin 'INNODB_SYS_COLUMNS'
2021-01-03T08:57:37.414629Z 0 [Note] Shutting down plugin 'INNODB_SYS_INDEXES'
2021-01-03T08:57:37.415531Z 0 [Note] Shutting down plugin 'INNODB_SYS_TABLESTATS'
2021-01-03T08:57:37.416177Z 0 [Note] Shutting down plugin 'INNODB_SYS_TABLES'
2021-01-03T08:57:37.417457Z 0 [Note] Shutting down plugin 'INNODB_FT_INDEX_TABLE'
2021-01-03T08:57:37.418570Z 0 [Note] Shutting down plugin 'INNODB_FT_INDEX_CACHE'
2021-01-03T08:57:37.419674Z 0 [Note] Shutting down plugin 'INNODB_FT_CONFIG'
2021-01-03T08:57:37.420540Z 0 [Note] Shutting down plugin 'INNODB_FT_BEING_DELETED'
2021-01-03T08:57:37.421431Z 0 [Note] Shutting down plugin 'INNODB_FT_DELETED'
2021-01-03T08:57:37.422894Z 0 [Note] Shutting down plugin 'INNODB_FT_DEFAULT_STOPWORD'
2021-01-03T08:57:37.423776Z 0 [Note] Shutting down plugin 'INNODB_METRICS'
2021-01-03T08:57:37.425083Z 0 [Note] Shutting down plugin 'INNODB_TEMP_TABLE_INFO'
2021-01-03T08:57:37.426246Z 0 [Note] Shutting down plugin 'INNODB_BUFFER_POOL_STATS'
2021-01-03T08:57:37.428406Z 0 [Note] Shutting down plugin 'INNODB_BUFFER_PAGE_LRU'
2021-01-03T08:57:37.430517Z 0 [Note] Shutting down plugin 'INNODB_BUFFER_PAGE'
2021-01-03T08:57:37.432634Z 0 [Note] Shutting down plugin 'INNODB_CMP_PER_INDEX_RESET'
2021-01-03T08:57:37.433712Z 0 [Note] Shutting down plugin 'INNODB_CMP_PER_INDEX'
2021-01-03T08:57:37.434772Z 0 [Note] Shutting down plugin 'INNODB_CMPMEM_RESET'
2021-01-03T08:57:37.435749Z 0 [Note] Shutting down plugin 'INNODB_CMPMEM'
2021-01-03T08:57:37.436821Z 0 [Note] Shutting down plugin 'INNODB_CMP_RESET'
2021-01-03T08:57:37.440390Z 0 [Note] Shutting down plugin 'INNODB_CMP'
2021-01-03T08:57:37.441429Z 0 [Note] Shutting down plugin 'INNODB_LOCK_WAITS'
2021-01-03T08:57:37.444395Z 0 [Note] Shutting down plugin 'INNODB_LOCKS'
2021-01-03T08:57:37.445385Z 0 [Note] Shutting down plugin 'INNODB_TRX'
2021-01-03T08:57:37.446499Z 0 [Note] Shutting down plugin 'InnoDB'
2021-01-03T08:57:37.448612Z 0 [Note] InnoDB: FTS optimize thread exiting.
2021-01-03T08:57:37.450168Z 0 [Note] InnoDB: Starting shutdown...
2021-01-03T08:57:37.564079Z 0 [Note] InnoDB: Dumping buffer pool(s) to /var/lib/mysql/ib_buffer_pool
2021-01-03T08:57:37.619545Z 0 [Note] InnoDB: Buffer pool(s) dump completed at 210103 17:57:37
2021-01-03T08:57:39.195108Z 0 [Note] InnoDB: Shutdown completed; log sequence number 12618520
2021-01-03T08:57:39.198299Z 0 [Note] InnoDB: Removed temporary tablespace data file: "ibtmp1"
2021-01-03T08:57:39.199837Z 0 [Note] Shutting down plugin 'MEMORY'
2021-01-03T08:57:39.202871Z 0 [Note] Shutting down plugin 'CSV'
2021-01-03T08:57:39.204246Z 0 [Note] Shutting down plugin 'sha256_password'
2021-01-03T08:57:39.205421Z 0 [Note] Shutting down plugin 'mysql_native_password'
2021-01-03T08:57:39.206747Z 0 [Note] Shutting down plugin 'binlog'
2021-01-03T08:57:39.213823Z 0 [Note] mysqld: Shutdown complete

2021-01-03T08:57:39.592791Z 0 [Warning] TIMESTAMP with implicit DEFAULT value is deprecated. Please use --explicit_defaults_for_timestamp server option (see documentation for more details).
2021-01-03T08:57:39.606464Z 0 [Note] mysqld (mysqld 5.7.32) starting as process 1 ...
2021-01-03T08:57:39.620631Z 0 [Warning] Setting lower_case_table_names=2 because file system for /var/lib/mysql/ is case insensitive
2021-01-03T08:57:39.627307Z 0 [Note] InnoDB: PUNCH HOLE support available
2021-01-03T08:57:39.628404Z 0 [Note] InnoDB: Mutexes and rw_locks use GCC atomic builtins
2021-01-03T08:57:39.629604Z 0 [Note] InnoDB: Uses event mutexes
2021-01-03T08:57:39.630711Z 0 [Note] InnoDB: GCC builtin __atomic_thread_fence() is used for memory barrier
2021-01-03T08:57:39.631603Z 0 [Note] InnoDB: Compressed tables use zlib 1.2.11
2021-01-03T08:57:39.632674Z 0 [Note] InnoDB: Using Linux native AIO
2021-01-03T08:57:39.634176Z 0 [Note] InnoDB: Number of pools: 1
2021-01-03T08:57:39.635208Z 0 [Note] InnoDB: Using CPU crc32 instructions
2021-01-03T08:57:39.638514Z 0 [Note] InnoDB: Initializing buffer pool, total size = 128M, instances = 1, chunk size = 128M
2021-01-03T08:57:39.653335Z 0 [Note] InnoDB: Completed initialization of buffer pool
2021-01-03T08:57:39.662256Z 0 [Note] InnoDB: If the mysqld execution user is authorized, page cleaner thread priority can be changed. See the man page of setpriority().
2021-01-03T08:57:39.765344Z 0 [Note] InnoDB: Highest supported file format is Barracuda.
2021-01-03T08:57:39.955062Z 0 [Note] InnoDB: Creating shared tablespace for temporary tables
2021-01-03T08:57:39.961175Z 0 [Note] InnoDB: Setting file './ibtmp1' size to 12 MB. Physically writing the file full; Please wait ...
2021-01-03T08:57:40.156686Z 0 [Note] InnoDB: File './ibtmp1' size is now 12 MB.
2021-01-03T08:57:40.171626Z 0 [Note] InnoDB: 96 redo rollback segment(s) found. 96 redo rollback segment(s) are active.
2021-01-03T08:57:40.173159Z 0 [Note] InnoDB: 32 non-redo rollback segment(s) are active.
2021-01-03T08:57:40.175014Z 0 [Note] InnoDB: 5.7.32 started; log sequence number 12618520
2021-01-03T08:57:40.176818Z 0 [Note] InnoDB: Loading buffer pool(s) from /var/lib/mysql/ib_buffer_pool
2021-01-03T08:57:40.176899Z 0 [Note] Plugin 'FEDERATED' is disabled.
2021-01-03T08:57:40.234054Z 0 [Note] Found ca.pem, server-cert.pem and server-key.pem in data directory. Trying to enable SSL support using them.
2021-01-03T08:57:40.235104Z 0 [Note] Skipping generation of SSL certificates as certificate files are present in data directory.
2021-01-03T08:57:40.267852Z 0 [Warning] CA certificate ca.pem is self signed.
2021-01-03T08:57:40.269917Z 0 [Note] Skipping generation of RSA key pair as key files are present in data directory.
2021-01-03T08:57:40.276859Z 0 [Note] Server hostname (bind-address): '*'; port: 3306
2021-01-03T08:57:40.279884Z 0 [Note] IPv6 is available.
2021-01-03T08:57:40.281569Z 0 [Note]   - '::' resolves to '::';
2021-01-03T08:57:40.283048Z 0 [Note] Server socket created on IP: '::'.
2021-01-03T08:57:40.286341Z 0 [Warning] Insecure configuration for --pid-file: Location '/var/run/mysqld' in the path is accessible to all OS users. Consider choosing a different directory.
2021-01-03T08:57:40.387959Z 0 [Note] InnoDB: Buffer pool(s) load completed at 210103 17:57:40
2021-01-03T08:57:40.749287Z 0 [Note] Event Scheduler: Loaded 0 events
2021-01-03T08:57:40.751073Z 0 [Note] mysqld: ready for connections.
Version: '5.7.32'  socket: '/var/run/mysqld/mysqld.sock'  port: 3306  MySQL Community Server (GPL)
2021-01-03T21:19:25.424227Z 0 [Note] InnoDB: page_cleaner: 1000ms intended loop took 22724ms. The settings might not be optimal. (flushed=0 and evicted=0, during the time.)
2021-01-03T21:19:47.218240Z 0 [Note] InnoDB: page_cleaner: 1000ms intended loop took 8851ms. The settings might not be optimal. (flushed=0 and evicted=0, during the time.)
2021-01-03T21:19:59.963362Z 0 [Note] InnoDB: page_cleaner: 1000ms intended loop took 6790ms. The settings might not be optimal. (flushed=0 and evicted=0, during the time.)
2021-01-05T11:06:47.073430Z 0 [Note] InnoDB: page_cleaner: 1000ms intended loop took 30973ms. The settings might not be optimal. (flushed=0 and evicted=0, during the time.)
2021-01-08T13:07:58.079310Z 0 [Note] InnoDB: page_cleaner: 1000ms intended loop took 10739ms. The settings might not be optimal. (flushed=0 and evicted=0, during the time.)
